<?xml version="1.0" encoding="UTF-8"?>
<testsuites errors="24" failures="24"><testsuite name="BackstopJS" tests="24" errors="24" failures="24"><testcase name=" ›› MerQbiz Landing Page" classname="document"><error message="Design deviation ›› MerQbiz Landing Page (document) component" type="CSS component"/><failure message="Design deviation ›› MerQbiz Landing Page (document) component" type="CSS component"/></testcase><testcase name=" ›› MerQbiz Landing Page" classname="document"><error message="Design deviation ›› MerQbiz Landing Page (document) component" type="CSS component"/><failure message="Design deviation ›› MerQbiz Landing Page (document) component" type="CSS component"/></testcase><testcase name=" ›› MerQbiz Login Page" classname="document"><error message="Design deviation ›› MerQbiz Login Page (document) component" type="CSS component"/><failure message="Design deviation ›› MerQbiz Login Page (document) component" type="CSS component"/></testcase><testcase name=" ›› MerQbiz Login Page" classname="document"><error message="Design deviation ›› MerQbiz Login Page (document) component" type="CSS component"/><failure message="Design deviation ›› MerQbiz Login Page (document) component" type="CSS component"/></testcase><testcase name=" ›› MerQbiz Join Page" classname="document"><error message="Design deviation ›› MerQbiz Join Page (document) component" type="CSS component"/><failure message="Design deviation ›› MerQbiz Join Page (document) component" type="CSS component"/></testcase><testcase name=" ›› MerQbiz Join Page" classname="document"><error message="Design deviation ›› MerQbiz Join Page (document) component" type="CSS component"/><failure message="Design deviation ›› MerQbiz Join Page (document) component" type="CSS component"/></testcase><testcase name=" ›› MerQbiz About Page" classname="document"><error message="Design deviation ›› MerQbiz About Page (document) component" type="CSS component"/><failure message="Design deviation ›› MerQbiz About Page (document) component" type="CSS component"/></testcase><testcase name=" ›› MerQbiz About Page" classname="document"><error message="Design deviation ›› MerQbiz About Page (document) component" type="CSS component"/><failure message="Design deviation ›› MerQbiz About Page (document) component" type="CSS component"/></testcase><testcase name=" ›› MerQbiz FAQ Page" classname="document"><error message="Design deviation ›› MerQbiz FAQ Page (document) component" type="CSS component"/><failure message="Design deviation ›› MerQbiz FAQ Page (document) component" type="CSS component"/></testcase><testcase name=" ›› MerQbiz FAQ Page" classname="document"><error message="Design deviation ›› MerQbiz FAQ Page (document) component" type="CSS component"/><failure message="Design deviation ›› MerQbiz FAQ Page (document) component" type="CSS component"/></testcase><testcase name=" ›› MerQbiz Forgot Password Page" classname="document"><error message="Design deviation ›› MerQbiz Forgot Password Page (document) component" type="CSS component"/><failure message="Design deviation ›› MerQbiz Forgot Password Page (document) component" type="CSS component"/></testcase><testcase name=" ›› MerQbiz Forgot Password Page" classname="document"><error message="Design deviation ›› MerQbiz Forgot Password Page (document) component" type="CSS component"/><failure message="Design deviation ›› MerQbiz Forgot Password Page (document) component" type="CSS component"/></testcase><testcase name=" ›› MerQbiz 404 Page" classname="document"><error message="Design deviation ›› MerQbiz 404 Page (document) component" type="CSS component"/><failure message="Design deviation ›› MerQbiz 404 Page (document) component" type="CSS component"/></testcase><testcase name=" ›› MerQbiz 404 Page" classname="document"><error message="Design deviation ›› MerQbiz 404 Page (document) component" type="CSS component"/><failure message="Design deviation ›› MerQbiz 404 Page (document) component" type="CSS component"/></testcase><testcase name=" ›› MerQbiz Dispute Resolution Policy Page" classname="document"><error message="Design deviation ›› MerQbiz Dispute Resolution Policy Page (document) component" type="CSS component"/><failure message="Design deviation ›› MerQbiz Dispute Resolution Policy Page (document) component" type="CSS component"/></testcase><testcase name=" ›› MerQbiz Dispute Resolution Policy Page" classname="document"><error message="Design deviation ›› MerQbiz Dispute Resolution Policy Page (document) component" type="CSS component"/><failure message="Design deviation ›› MerQbiz Dispute Resolution Policy Page (document) component" type="CSS component"/></testcase><testcase name=" ›› MerQbiz Thank You Page" classname="document"><error message="Design deviation ›› MerQbiz Thank You Page (document) component" type="CSS component"/><failure message="Design deviation ›› MerQbiz Thank You Page (document) component" type="CSS component"/></testcase><testcase name=" ›› MerQbiz Thank You Page" classname="document"><error message="Design deviation ›› MerQbiz Thank You Page (document) component" type="CSS component"/><failure message="Design deviation ›› MerQbiz Thank You Page (document) component" type="CSS component"/></testcase><testcase name=" ›› MerQbiz Update Password Page" classname="document"><error message="Design deviation ›› MerQbiz Update Password Page (document) component" type="CSS component"/><failure message="Design deviation ›› MerQbiz Update Password Page (document) component" type="CSS component"/></testcase><testcase name=" ›› MerQbiz Update Password Page" classname="document"><error message="Design deviation ›› MerQbiz Update Password Page (document) component" type="CSS component"/><failure message="Design deviation ›› MerQbiz Update Password Page (document) component" type="CSS component"/></testcase><testcase name=" ›› MerQbiz User Agreement Page" classname="document"><error message="Design deviation ›› MerQbiz User Agreement Page (document) component" type="CSS component"/><failure message="Design deviation ›› MerQbiz User Agreement Page (document) component" type="CSS component"/></testcase><testcase name=" ›› MerQbiz User Agreement Page" classname="document"><error message="Design deviation ›› MerQbiz User Agreement Page (document) component" type="CSS component"/><failure message="Design deviation ›› MerQbiz User Agreement Page (document) component" type="CSS component"/></testcase><testcase name=" ›› MerQbiz Privacy Policy Page" classname="document"><error message="Design deviation ›› MerQbiz Privacy Policy Page (document) component" type="CSS component"/><failure message="Design deviation ›› MerQbiz Privacy Policy Page (document) component" type="CSS component"/></testcase><testcase name=" ›› MerQbiz Privacy Policy Page" classname="document"><error message="Design deviation ›› MerQbiz Privacy Policy Page (document) component" type="CSS component"/><failure message="Design deviation ›› MerQbiz Privacy Policy Page (document) component" type="CSS component"/></testcase></testsuite></testsuites>