<?xml version="1.0" encoding="UTF-8"?>
<testsuites errors="22" failures="22"><testsuite name="BackstopJS" tests="22" errors="22" failures="22"><testcase name=" ›› MerQbiz Landing Page" classname="document"><error message="Design deviation ›› MerQbiz Landing Page (document) component" type="CSS component"/><failure message="Design deviation ›› MerQbiz Landing Page (document) component" type="CSS component"/></testcase><testcase name=" ›› MerQbiz Landing Page" classname="document"><error message="Design deviation ›› MerQbiz Landing Page (document) component" type="CSS component"/><failure message="Design deviation ›› MerQbiz Landing Page (document) component" type="CSS component"/></testcase><testcase name=" ›› MerQbiz Login Page" classname=""><error message="Design deviation ›› MerQbiz Login Page () component" type="CSS component"/><failure message="Design deviation ›› MerQbiz Login Page () component" type="CSS component"/></testcase><testcase name=" ›› MerQbiz Login Page" classname=""><error message="Design deviation ›› MerQbiz Login Page () component" type="CSS component"/><failure message="Design deviation ›› MerQbiz Login Page () component" type="CSS component"/></testcase><testcase name=" ›› MerQbiz Join Page" classname=""><error message="Design deviation ›› MerQbiz Join Page () component" type="CSS component"/><failure message="Design deviation ›› MerQbiz Join Page () component" type="CSS component"/></testcase><testcase name=" ›› MerQbiz Join Page" classname=""><error message="Design deviation ›› MerQbiz Join Page () component" type="CSS component"/><failure message="Design deviation ›› MerQbiz Join Page () component" type="CSS component"/></testcase><testcase name=" ›› MerQbiz About Page" classname=""><error message="Design deviation ›› MerQbiz About Page () component" type="CSS component"/><failure message="Design deviation ›› MerQbiz About Page () component" type="CSS component"/></testcase><testcase name=" ›› MerQbiz About Page" classname=""><error message="Design deviation ›› MerQbiz About Page () component" type="CSS component"/><failure message="Design deviation ›› MerQbiz About Page () component" type="CSS component"/></testcase><testcase name=" ›› MerQbiz FAQ Page" classname=""><error message="Design deviation ›› MerQbiz FAQ Page () component" type="CSS component"/><failure message="Design deviation ›› MerQbiz FAQ Page () component" type="CSS component"/></testcase><testcase name=" ›› MerQbiz FAQ Page" classname=""><error message="Design deviation ›› MerQbiz FAQ Page () component" type="CSS component"/><failure message="Design deviation ›› MerQbiz FAQ Page () component" type="CSS component"/></testcase><testcase name=" ›› MerQbiz Forgot Password Page" classname=""><error message="Design deviation ›› MerQbiz Forgot Password Page () component" type="CSS component"/><failure message="Design deviation ›› MerQbiz Forgot Password Page () component" type="CSS component"/></testcase><testcase name=" ›› MerQbiz Forgot Password Page" classname=""><error message="Design deviation ›› MerQbiz Forgot Password Page () component" type="CSS component"/><failure message="Design deviation ›› MerQbiz Forgot Password Page () component" type="CSS component"/></testcase><testcase name=" ›› MerQbiz 404 Page" classname=""><error message="Design deviation ›› MerQbiz 404 Page () component" type="CSS component"/><failure message="Design deviation ›› MerQbiz 404 Page () component" type="CSS component"/></testcase><testcase name=" ›› MerQbiz 404 Page" classname=""><error message="Design deviation ›› MerQbiz 404 Page () component" type="CSS component"/><failure message="Design deviation ›› MerQbiz 404 Page () component" type="CSS component"/></testcase><testcase name=" ›› MerQbiz Dispute Resolution Policy Page" classname=""><error message="Design deviation ›› MerQbiz Dispute Resolution Policy Page () component" type="CSS component"/><failure message="Design deviation ›› MerQbiz Dispute Resolution Policy Page () component" type="CSS component"/></testcase><testcase name=" ›› MerQbiz Dispute Resolution Policy Page" classname=""><error message="Design deviation ›› MerQbiz Dispute Resolution Policy Page () component" type="CSS component"/><failure message="Design deviation ›› MerQbiz Dispute Resolution Policy Page () component" type="CSS component"/></testcase><testcase name=" ›› MerQbiz Thank You Page" classname=""><error message="Design deviation ›› MerQbiz Thank You Page () component" type="CSS component"/><failure message="Design deviation ›› MerQbiz Thank You Page () component" type="CSS component"/></testcase><testcase name=" ›› MerQbiz Thank You Page" classname=""><error message="Design deviation ›› MerQbiz Thank You Page () component" type="CSS component"/><failure message="Design deviation ›› MerQbiz Thank You Page () component" type="CSS component"/></testcase><testcase name=" ›› MerQbiz Update Password Page" classname=""><error message="Design deviation ›› MerQbiz Update Password Page () component" type="CSS component"/><failure message="Design deviation ›› MerQbiz Update Password Page () component" type="CSS component"/></testcase><testcase name=" ›› MerQbiz Update Password Page" classname=""><error message="Design deviation ›› MerQbiz Update Password Page () component" type="CSS component"/><failure message="Design deviation ›› MerQbiz Update Password Page () component" type="CSS component"/></testcase><testcase name=" ›› MerQbiz User Agreement Page" classname=""><error message="Design deviation ›› MerQbiz User Agreement Page () component" type="CSS component"/><failure message="Design deviation ›› MerQbiz User Agreement Page () component" type="CSS component"/></testcase><testcase name=" ›› MerQbiz User Agreement Page" classname=""><error message="Design deviation ›› MerQbiz User Agreement Page () component" type="CSS component"/><failure message="Design deviation ›› MerQbiz User Agreement Page () component" type="CSS component"/></testcase></testsuite></testsuites>